2021-06-16 09:57:28.709 [main] WARN  o.s.b.t.j.DuplicateJsonObjectContextCustomizerFactory$DuplicateJsonObjectContextCustomizer - 

Found multiple occurrences of org.json.JSONObject on the class path:

	jar:file:/D:/.m2/repository/com/vaadin/external/google/android-json/0.0.20131108.vaadin1/android-json-0.0.20131108.vaadin1.jar!/org/json/JSONObject.class
	jar:file:/D:/.m2/repository/org/json/json/20160810/json-20160810.jar!/org/json/JSONObject.class

You may wish to exclude one of them to ensure predictable runtime behavior

2021-06-16 09:57:28.743 [main] INFO  com.zml.dingauto.DingAutoApplicationTests - Starting DingAutoApplicationTests using Java 1.8.0_281 on DESKTOP-OADORHA with PID 38016 (started by a in D:\work\ding-auto)
2021-06-16 09:57:28.746 [main] INFO  com.zml.dingauto.DingAutoApplicationTests - No active profile set, falling back to default profiles: default
2021-06-16 09:57:29.949 [main] INFO  com.zml.dingauto.DingAutoApplicationTests - Started DingAutoApplicationTests in 1.406 seconds (JVM running for 2.189)
2021-06-16 09:57:29.951 [main] INFO  o.s.boot.availability.ApplicationAvailabilityBean - Application availability state LivenessState changed to CORRECT
2021-06-16 09:57:29.952 [main] INFO  o.s.boot.availability.ApplicationAvailabilityBean - Application availability state ReadinessState changed to ACCEPTING_TRAFFIC
2021-06-16 09:58:02.285 [main] INFO  com.zml.dingauto.DingAutoApplication - Starting DingAutoApplication v0.0.1-SNAPSHOT using Java 1.8.0_281 on DESKTOP-OADORHA with PID 40648 (D:\work\ding-auto\target\ding-auto-0.0.1-SNAPSHOT.jar started by DESKTOP-OADORHA$ in D:\work\ding-auto-start)
2021-06-16 09:58:02.288 [main] INFO  com.zml.dingauto.DingAutoApplication - No active profile set, falling back to default profiles: default
2021-06-16 09:58:03.620 [main] INFO  o.s.boot.web.embedded.tomcat.TomcatWebServer - Tomcat initialized with port(s): 80 (http)
2021-06-16 09:58:03.633 [main] INFO  org.apache.coyote.http11.Http11NioProtocol - Initializing ProtocolHandler ["http-nio-80"]
2021-06-16 09:58:03.633 [main] INFO  org.apache.catalina.core.StandardService - Starting service [Tomcat]
2021-06-16 09:58:03.633 [main] INFO  org.apache.catalina.core.StandardEngine - Starting Servlet engine: [Apache Tomcat/9.0.46]
2021-06-16 09:58:03.708 [main] INFO  o.a.c.core.ContainerBase.[Tomcat].[localhost].[/] - Initializing Spring embedded WebApplicationContext
2021-06-16 09:58:03.708 [main] INFO  o.s.b.w.s.c.ServletWebServerApplicationContext - Root WebApplicationContext: initialization completed in 1361 ms
2021-06-16 09:58:04.136 [main] INFO  org.apache.coyote.http11.Http11NioProtocol - Starting ProtocolHandler ["http-nio-80"]
2021-06-16 09:58:04.173 [main] INFO  o.s.boot.web.embedded.tomcat.TomcatWebServer - Tomcat started on port(s): 80 (http) with context path ''
2021-06-16 09:58:04.185 [main] INFO  com.zml.dingauto.DingAutoApplication - Started DingAutoApplication in 2.264 seconds (JVM running for 2.795)
2021-06-16 09:58:04.187 [main] INFO  o.s.boot.availability.ApplicationAvailabilityBean - Application availability state LivenessState changed to CORRECT
2021-06-16 09:58:04.189 [main] INFO  o.s.boot.availability.ApplicationAvailabilityBean - Application availability state ReadinessState changed to ACCEPTING_TRAFFIC
2021-06-16 09:58:39.180 [main] WARN  o.s.b.t.j.DuplicateJsonObjectContextCustomizerFactory$DuplicateJsonObjectContextCustomizer - 

Found multiple occurrences of org.json.JSONObject on the class path:

	jar:file:/D:/.m2/repository/com/vaadin/external/google/android-json/0.0.20131108.vaadin1/android-json-0.0.20131108.vaadin1.jar!/org/json/JSONObject.class
	jar:file:/D:/.m2/repository/org/json/json/20160810/json-20160810.jar!/org/json/JSONObject.class

You may wish to exclude one of them to ensure predictable runtime behavior

2021-06-16 09:58:39.213 [main] INFO  com.zml.dingauto.DingAutoApplicationTests - Starting DingAutoApplicationTests using Java 1.8.0_281 on DESKTOP-OADORHA with PID 6976 (started by a in D:\work\ding-auto)
2021-06-16 09:58:39.215 [main] INFO  com.zml.dingauto.DingAutoApplicationTests - No active profile set, falling back to default profiles: default
2021-06-16 09:58:40.368 [main] INFO  com.zml.dingauto.DingAutoApplicationTests - Started DingAutoApplicationTests in 1.361 seconds (JVM running for 2.139)
2021-06-16 09:58:40.369 [main] INFO  o.s.boot.availability.ApplicationAvailabilityBean - Application availability state LivenessState changed to CORRECT
2021-06-16 09:58:40.371 [main] INFO  o.s.boot.availability.ApplicationAvailabilityBean - Application availability state ReadinessState changed to ACCEPTING_TRAFFIC
2021-06-16 09:58:46.519 [main] INFO  com.zml.dingauto.DingAutoApplication - Starting DingAutoApplication v0.0.1-SNAPSHOT using Java 1.8.0_281 on DESKTOP-OADORHA with PID 37968 (D:\work\ding-auto\target\ding-auto-0.0.1-SNAPSHOT.jar started by DESKTOP-OADORHA$ in D:\work\ding-auto-start)
2021-06-16 09:58:46.521 [main] INFO  com.zml.dingauto.DingAutoApplication - No active profile set, falling back to default profiles: default
2021-06-16 09:58:47.797 [main] INFO  o.s.boot.web.embedded.tomcat.TomcatWebServer - Tomcat initialized with port(s): 80 (http)
2021-06-16 09:58:47.807 [main] INFO  org.apache.coyote.http11.Http11NioProtocol - Initializing ProtocolHandler ["http-nio-80"]
2021-06-16 09:58:47.807 [main] INFO  org.apache.catalina.core.StandardService - Starting service [Tomcat]
2021-06-16 09:58:47.807 [main] INFO  org.apache.catalina.core.StandardEngine - Starting Servlet engine: [Apache Tomcat/9.0.46]
2021-06-16 09:58:47.869 [main] INFO  o.a.c.core.ContainerBase.[Tomcat].[localhost].[/] - Initializing Spring embedded WebApplicationContext
2021-06-16 09:58:47.869 [main] INFO  o.s.b.w.s.c.ServletWebServerApplicationContext - Root WebApplicationContext: initialization completed in 1290 ms
2021-06-16 09:58:48.320 [main] INFO  org.apache.coyote.http11.Http11NioProtocol - Starting ProtocolHandler ["http-nio-80"]
2021-06-16 09:58:48.349 [main] INFO  o.s.boot.web.embedded.tomcat.TomcatWebServer - Tomcat started on port(s): 80 (http) with context path ''
2021-06-16 09:58:48.360 [main] INFO  com.zml.dingauto.DingAutoApplication - Started DingAutoApplication in 2.193 seconds (JVM running for 2.708)
2021-06-16 09:58:48.361 [main] INFO  o.s.boot.availability.ApplicationAvailabilityBean - Application availability state LivenessState changed to CORRECT
2021-06-16 09:58:48.363 [main] INFO  o.s.boot.availability.ApplicationAvailabilityBean - Application availability state ReadinessState changed to ACCEPTING_TRAFFIC
2021-06-16 10:00:00.014 [scheduling-1] INFO  com.zml.dingauto.service.AutoTimer - startTimer start!
2021-06-16 10:00:00.014 [scheduling-1] INFO  com.zml.dingauto.service.AutoTimer - startTimer sleepTime = 152
2021-06-16 10:02:32.985 [scheduling-1] INFO  com.zml.dingauto.service.AutoTimer - startTimer end!
2021-06-16 10:02:32.998 [task-1] INFO  com.zml.dingauto.service.AutoService - 任务初始化・・・
2021-06-16 10:02:32.998 [task-1] INFO  com.zml.dingauto.service.AutoService - 2021-06-16T10:02:32.998: 任务开始!
2021-06-16 10:02:32.998 [task-1] INFO  com.zml.dingauto.service.AutoService - 正在唤醒屏幕・・・
2021-06-16 10:02:38.883 [task-1] INFO  com.zml.dingauto.service.AutoService - 2021-06-16T10:02:38.883: done!
2021-06-16 10:02:42.423 [task-1] INFO  com.zml.dingauto.service.AutoService - 2021-06-16T10:02:42.423: done!
2021-06-16 10:02:44.302 [task-1] INFO  com.zml.dingauto.service.AutoService - 正在回到主界面:
2021-06-16 10:02:47.338 [task-1] INFO  com.zml.dingauto.service.AutoService - 2021-06-16T10:02:47.338: done!
2021-06-16 10:02:48.896 [task-1] INFO  com.zml.dingauto.service.AutoService - 正在打开钉钉:
2021-06-16 10:03:05.059 [task-1] INFO  com.zml.dingauto.service.AutoService - 2021-06-16T10:03:05.059: done!
2021-06-16 10:03:15.570 [task-1] INFO  com.zml.dingauto.service.AutoService - 2021-06-16T10:03:15.570: done!
2021-06-16 10:03:23.141 [task-1] INFO  com.zml.dingauto.service.AutoService - 2021-06-16T10:03:23.141: done!
2021-06-16 10:03:23.141 [task-1] INFO  com.zml.dingauto.service.AutoService - 正在校验打卡结果
2021-06-16 10:03:36.104 [task-1] INFO  com.zml.dingauto.service.AutoService - 2021-06-16T10:03:36.104: done!
2021-06-16 10:03:36.656 [task-1] INFO  com.baidu.aip.client.BaseClient - get access_token success. current state: STATE_AIP_AUTH_OK
2021-06-16 10:03:36.857 [task-1] INFO  com.zml.dingauto.service.AutoService - basicGeneral resp = {"words_result":[{"words":"上班O9:30"},{"words":"下班18:30"},{"words":"09:23已打卡"},{"words":"未打卡"}],"log_id":1404982965565390848,"words_result_num":4}
2021-06-16 10:03:37.155 [task-1] INFO  com.zml.dingauto.service.AutoService - 正在准备进入多任务界面:
2021-06-16 10:03:53.327 [task-1] INFO  com.zml.dingauto.service.AutoService - 2021-06-16T10:03:53.327: done!
2021-06-16 10:03:54.859 [task-1] INFO  com.zml.dingauto.service.AutoService - 正在杀死进程:
2021-06-16 10:03:58.883 [task-1] INFO  com.zml.dingauto.service.AutoService - 2021-06-16T10:03:58.883: done!
2021-06-16 10:04:00.832 [task-1] INFO  com.zml.dingauto.service.AutoService - 正在准备锁屏:
2021-06-16 10:04:11.935 [task-1] INFO  com.zml.dingauto.service.AutoService - 2021-06-16T10:04:11.935: done!
2021-06-16 10:08:35.305 [main] WARN  o.s.b.t.j.DuplicateJsonObjectContextCustomizerFactory$DuplicateJsonObjectContextCustomizer - 

Found multiple occurrences of org.json.JSONObject on the class path:

	jar:file:/D:/.m2/repository/com/vaadin/external/google/android-json/0.0.20131108.vaadin1/android-json-0.0.20131108.vaadin1.jar!/org/json/JSONObject.class
	jar:file:/D:/.m2/repository/org/json/json/20160810/json-20160810.jar!/org/json/JSONObject.class

You may wish to exclude one of them to ensure predictable runtime behavior

2021-06-16 10:08:35.338 [main] INFO  com.zml.dingauto.DingAutoApplicationTests - Starting DingAutoApplicationTests using Java 1.8.0_281 on DESKTOP-OADORHA with PID 3380 (started by a in D:\work\ding-auto)
2021-06-16 10:08:35.340 [main] INFO  com.zml.dingauto.DingAutoApplicationTests - No active profile set, falling back to default profiles: default
2021-06-16 10:08:36.476 [main] INFO  com.zml.dingauto.DingAutoApplicationTests - Started DingAutoApplicationTests in 1.335 seconds (JVM running for 2.091)
2021-06-16 10:08:36.477 [main] INFO  o.s.boot.availability.ApplicationAvailabilityBean - Application availability state LivenessState changed to CORRECT
2021-06-16 10:08:36.479 [main] INFO  o.s.boot.availability.ApplicationAvailabilityBean - Application availability state ReadinessState changed to ACCEPTING_TRAFFIC
2021-06-16 10:08:52.218 [main] INFO  com.zml.dingauto.DingAutoApplication - Starting DingAutoApplication v0.0.1-SNAPSHOT using Java 1.8.0_281 on DESKTOP-OADORHA with PID 10792 (D:\work\ding-auto\target\ding-auto-0.0.1-SNAPSHOT.jar started by DESKTOP-OADORHA$ in D:\work\ding-auto-start)
2021-06-16 10:08:52.221 [main] INFO  com.zml.dingauto.DingAutoApplication - No active profile set, falling back to default profiles: default
2021-06-16 10:08:53.474 [main] INFO  o.s.boot.web.embedded.tomcat.TomcatWebServer - Tomcat initialized with port(s): 80 (http)
2021-06-16 10:08:53.484 [main] INFO  org.apache.coyote.http11.Http11NioProtocol - Initializing ProtocolHandler ["http-nio-80"]
2021-06-16 10:08:53.485 [main] INFO  org.apache.catalina.core.StandardService - Starting service [Tomcat]
2021-06-16 10:08:53.485 [main] INFO  org.apache.catalina.core.StandardEngine - Starting Servlet engine: [Apache Tomcat/9.0.46]
2021-06-16 10:08:53.546 [main] INFO  o.a.c.core.ContainerBase.[Tomcat].[localhost].[/] - Initializing Spring embedded WebApplicationContext
2021-06-16 10:08:53.546 [main] INFO  o.s.b.w.s.c.ServletWebServerApplicationContext - Root WebApplicationContext: initialization completed in 1270 ms
2021-06-16 10:08:53.973 [main] INFO  org.apache.coyote.http11.Http11NioProtocol - Starting ProtocolHandler ["http-nio-80"]
2021-06-16 10:08:54.000 [main] INFO  o.s.boot.web.embedded.tomcat.TomcatWebServer - Tomcat started on port(s): 80 (http) with context path ''
2021-06-16 10:08:54.015 [main] INFO  com.zml.dingauto.DingAutoApplication - Started DingAutoApplication in 2.15 seconds (JVM running for 2.656)
2021-06-16 10:08:54.016 [main] INFO  o.s.boot.availability.ApplicationAvailabilityBean - Application availability state LivenessState changed to CORRECT
2021-06-16 10:08:54.017 [main] INFO  o.s.boot.availability.ApplicationAvailabilityBean - Application availability state ReadinessState changed to ACCEPTING_TRAFFIC
2021-06-16 10:10:00.002 [scheduling-1] INFO  com.zml.dingauto.service.AutoTimer - startTimer start!
2021-06-16 10:10:00.002 [scheduling-1] INFO  com.zml.dingauto.service.AutoTimer - startTimer sleepTime = 378
