2021-06-15 17:19:51.330 [main] INFO  com.zml.dingauto.DingAutoApplication - Starting DingAutoApplication using Java 1.8.0_281 on DESKTOP-OADORHA with PID 27684 (D:\work\ding-auto\target\classes started by a in D:\work\ding-auto)
2021-06-15 17:19:51.333 [main] INFO  com.zml.dingauto.DingAutoApplication - No active profile set, falling back to default profiles: default
2021-06-15 17:19:52.103 [main] INFO  o.s.boot.web.embedded.tomcat.TomcatWebServer - Tomcat initialized with port(s): 80 (http)
2021-06-15 17:19:52.111 [main] INFO  org.apache.coyote.http11.Http11NioProtocol - Initializing ProtocolHandler ["http-nio-80"]
2021-06-15 17:19:52.111 [main] INFO  org.apache.catalina.core.StandardService - Starting service [Tomcat]
2021-06-15 17:19:52.113 [main] INFO  org.apache.catalina.core.StandardEngine - Starting Servlet engine: [Apache Tomcat/9.0.46]
2021-06-15 17:19:52.173 [main] INFO  o.a.c.core.ContainerBase.[Tomcat].[localhost].[/] - Initializing Spring embedded WebApplicationContext
2021-06-15 17:19:52.173 [main] INFO  o.s.b.w.s.c.ServletWebServerApplicationContext - Root WebApplicationContext: initialization completed in 795 ms
2021-06-15 17:19:52.479 [main] INFO  org.apache.coyote.http11.Http11NioProtocol - Starting ProtocolHandler ["http-nio-80"]
2021-06-15 17:19:52.494 [main] INFO  o.s.boot.web.embedded.tomcat.TomcatWebServer - Tomcat started on port(s): 80 (http) with context path ''
2021-06-15 17:19:52.505 [main] INFO  com.zml.dingauto.DingAutoApplication - Started DingAutoApplication in 1.5 seconds (JVM running for 2.179)
2021-06-15 17:19:52.507 [main] INFO  o.s.boot.availability.ApplicationAvailabilityBean - Application availability state LivenessState changed to CORRECT
2021-06-15 17:19:52.508 [main] INFO  o.s.boot.availability.ApplicationAvailabilityBean - Application availability state ReadinessState changed to ACCEPTING_TRAFFIC
2021-06-15 17:20:37.317 [main] WARN  o.s.b.t.j.DuplicateJsonObjectContextCustomizerFactory$DuplicateJsonObjectContextCustomizer - 

Found multiple occurrences of org.json.JSONObject on the class path:

	jar:file:/D:/.m2/repository/com/vaadin/external/google/android-json/0.0.20131108.vaadin1/android-json-0.0.20131108.vaadin1.jar!/org/json/JSONObject.class
	jar:file:/D:/.m2/repository/org/json/json/20160810/json-20160810.jar!/org/json/JSONObject.class

You may wish to exclude one of them to ensure predictable runtime behavior

2021-06-15 17:20:37.353 [main] INFO  com.zml.dingauto.DingAutoApplicationTests - Starting DingAutoApplicationTests using Java 1.8.0_281 on DESKTOP-OADORHA with PID 13776 (started by a in D:\work\ding-auto)
2021-06-15 17:20:37.355 [main] INFO  com.zml.dingauto.DingAutoApplicationTests - No active profile set, falling back to default profiles: default
2021-06-15 17:20:38.567 [main] INFO  com.zml.dingauto.DingAutoApplicationTests - Started DingAutoApplicationTests in 1.437 seconds (JVM running for 2.231)
2021-06-15 17:20:38.568 [main] INFO  o.s.boot.availability.ApplicationAvailabilityBean - Application availability state LivenessState changed to CORRECT
2021-06-15 17:20:38.569 [main] INFO  o.s.boot.availability.ApplicationAvailabilityBean - Application availability state ReadinessState changed to ACCEPTING_TRAFFIC
2021-06-15 17:34:16.893 [main] INFO  com.zml.dingauto.DingAutoApplication - Starting DingAutoApplication v0.0.1-SNAPSHOT using Java 1.8.0_281 on DESKTOP-OADORHA with PID 17256 (D:\work\ding-auto\target\ding-auto-0.0.1-SNAPSHOT.jar started by DESKTOP-OADORHA$ in D:\work\ding-auto-start)
2021-06-15 17:34:16.895 [main] INFO  com.zml.dingauto.DingAutoApplication - No active profile set, falling back to default profiles: default
2021-06-15 17:34:18.152 [main] INFO  o.s.boot.web.embedded.tomcat.TomcatWebServer - Tomcat initialized with port(s): 80 (http)
2021-06-15 17:34:18.164 [main] INFO  org.apache.coyote.http11.Http11NioProtocol - Initializing ProtocolHandler ["http-nio-80"]
2021-06-15 17:34:18.164 [main] INFO  org.apache.catalina.core.StandardService - Starting service [Tomcat]
2021-06-15 17:34:18.165 [main] INFO  org.apache.catalina.core.StandardEngine - Starting Servlet engine: [Apache Tomcat/9.0.46]
2021-06-15 17:34:18.239 [main] INFO  o.a.c.core.ContainerBase.[Tomcat].[localhost].[/] - Initializing Spring embedded WebApplicationContext
2021-06-15 17:34:18.239 [main] INFO  o.s.b.w.s.c.ServletWebServerApplicationContext - Root WebApplicationContext: initialization completed in 1289 ms
2021-06-15 17:34:18.698 [main] INFO  org.apache.coyote.http11.Http11NioProtocol - Starting ProtocolHandler ["http-nio-80"]
2021-06-15 17:34:18.731 [main] INFO  o.s.boot.web.embedded.tomcat.TomcatWebServer - Tomcat started on port(s): 80 (http) with context path ''
2021-06-15 17:34:18.743 [main] INFO  com.zml.dingauto.DingAutoApplication - Started DingAutoApplication in 2.244 seconds (JVM running for 2.901)
2021-06-15 17:34:18.744 [main] INFO  o.s.boot.availability.ApplicationAvailabilityBean - Application availability state LivenessState changed to CORRECT
2021-06-15 17:34:18.746 [main] INFO  o.s.boot.availability.ApplicationAvailabilityBean - Application availability state ReadinessState changed to ACCEPTING_TRAFFIC
2021-06-15 17:38:51.299 [http-nio-80-exec-1] INFO  o.a.c.core.ContainerBase.[Tomcat].[localhost].[/] - Initializing Spring DispatcherServlet 'dispatcherServlet'
2021-06-15 17:38:51.299 [http-nio-80-exec-1] INFO  org.springframework.web.servlet.DispatcherServlet - Initializing Servlet 'dispatcherServlet'
2021-06-15 17:38:51.300 [http-nio-80-exec-1] INFO  org.springframework.web.servlet.DispatcherServlet - Completed initialization in 1 ms
2021-06-15 17:38:51.398 [http-nio-80-exec-1] INFO  com.zml.dingauto.controller.AutoController - start ip: 140.206.176.238
2021-06-15 17:39:48.459 [task-1] ERROR o.s.a.i.SimpleAsyncUncaughtExceptionHandler - Unexpected exception occurred invoking async method: public void com.zml.dingauto.service.AutoService.start() throws java.lang.InterruptedException
java.lang.IllegalArgumentException: Image type of file [1.png] is not supported!
	at cn.hutool.core.img.ImgUtil.read(ImgUtil.java:1639)
	at cn.hutool.core.img.ImgUtil.cut(ImgUtil.java:267)
	at com.zml.dingauto.service.AutoService.checkClockInStatus(AutoService.java:190)
	at com.zml.dingauto.service.AutoService.start(AutoService.java:92)
	at com.zml.dingauto.service.AutoService$$FastClassBySpringCGLIB$$bd1dd96e.invoke(<generated>)
	at org.springframework.cglib.proxy.MethodProxy.invoke(MethodProxy.java:218)
	at org.springframework.aop.framework.CglibAopProxy$CglibMethodInvocation.invokeJoinpoint(CglibAopProxy.java:779)
	at org.springframework.aop.framework.ReflectiveMethodInvocation.proceed(ReflectiveMethodInvocation.java:163)
	at org.springframework.aop.framework.CglibAopProxy$CglibMethodInvocation.proceed(CglibAopProxy.java:750)
	at org.springframework.aop.interceptor.AsyncExecutionInterceptor.lambda$invoke$0(AsyncExecutionInterceptor.java:115)
	at java.util.concurrent.FutureTask.run(Unknown Source)
	at java.util.concurrent.ThreadPoolExecutor.runWorker(Unknown Source)
	at java.util.concurrent.ThreadPoolExecutor$Worker.run(Unknown Source)
	at java.lang.Thread.run(Unknown Source)
2021-06-15 17:40:14.502 [http-nio-80-exec-2] INFO  com.zml.dingauto.controller.AutoController - kill ip: 140.206.176.238
2021-06-15 17:40:40.948 [http-nio-80-exec-4] INFO  com.zml.dingauto.controller.AutoController - start ip: 140.206.176.238
2021-06-15 17:41:19.333 [http-nio-80-exec-5] INFO  com.zml.dingauto.controller.AutoController - kill ip: 140.206.176.238
2021-06-15 17:43:05.186 [main] WARN  o.s.b.t.j.DuplicateJsonObjectContextCustomizerFactory$DuplicateJsonObjectContextCustomizer - 

Found multiple occurrences of org.json.JSONObject on the class path:

	jar:file:/D:/.m2/repository/com/vaadin/external/google/android-json/0.0.20131108.vaadin1/android-json-0.0.20131108.vaadin1.jar!/org/json/JSONObject.class
	jar:file:/D:/.m2/repository/org/json/json/20160810/json-20160810.jar!/org/json/JSONObject.class

You may wish to exclude one of them to ensure predictable runtime behavior

2021-06-15 17:43:05.221 [main] INFO  com.zml.dingauto.DingAutoApplicationTests - Starting DingAutoApplicationTests using Java 1.8.0_281 on DESKTOP-OADORHA with PID 12476 (started by a in D:\work\ding-auto)
2021-06-15 17:43:05.223 [main] INFO  com.zml.dingauto.DingAutoApplicationTests - No active profile set, falling back to default profiles: default
2021-06-15 17:43:06.435 [main] INFO  com.zml.dingauto.DingAutoApplicationTests - Started DingAutoApplicationTests in 1.422 seconds (JVM running for 2.178)
2021-06-15 17:43:06.436 [main] INFO  o.s.boot.availability.ApplicationAvailabilityBean - Application availability state LivenessState changed to CORRECT
2021-06-15 17:43:06.438 [main] INFO  o.s.boot.availability.ApplicationAvailabilityBean - Application availability state ReadinessState changed to ACCEPTING_TRAFFIC
2021-06-15 17:43:19.071 [main] INFO  com.zml.dingauto.DingAutoApplication - Starting DingAutoApplication v0.0.1-SNAPSHOT using Java 1.8.0_281 on DESKTOP-OADORHA with PID 15788 (D:\work\ding-auto\target\ding-auto-0.0.1-SNAPSHOT.jar started by DESKTOP-OADORHA$ in D:\work\ding-auto-start)
2021-06-15 17:43:19.074 [main] INFO  com.zml.dingauto.DingAutoApplication - No active profile set, falling back to default profiles: default
2021-06-15 17:43:20.351 [main] INFO  o.s.boot.web.embedded.tomcat.TomcatWebServer - Tomcat initialized with port(s): 80 (http)
2021-06-15 17:43:20.365 [main] INFO  org.apache.coyote.http11.Http11NioProtocol - Initializing ProtocolHandler ["http-nio-80"]
2021-06-15 17:43:20.365 [main] INFO  org.apache.catalina.core.StandardService - Starting service [Tomcat]
2021-06-15 17:43:20.366 [main] INFO  org.apache.catalina.core.StandardEngine - Starting Servlet engine: [Apache Tomcat/9.0.46]
2021-06-15 17:43:20.430 [main] INFO  o.a.c.core.ContainerBase.[Tomcat].[localhost].[/] - Initializing Spring embedded WebApplicationContext
2021-06-15 17:43:20.431 [main] INFO  o.s.b.w.s.c.ServletWebServerApplicationContext - Root WebApplicationContext: initialization completed in 1302 ms
2021-06-15 17:43:20.871 [main] INFO  org.apache.coyote.http11.Http11NioProtocol - Starting ProtocolHandler ["http-nio-80"]
2021-06-15 17:43:20.895 [main] INFO  o.s.boot.web.embedded.tomcat.TomcatWebServer - Tomcat started on port(s): 80 (http) with context path ''
2021-06-15 17:43:20.906 [main] INFO  com.zml.dingauto.DingAutoApplication - Started DingAutoApplication in 2.192 seconds (JVM running for 2.707)
2021-06-15 17:43:20.907 [main] INFO  o.s.boot.availability.ApplicationAvailabilityBean - Application availability state LivenessState changed to CORRECT
2021-06-15 17:43:20.908 [main] INFO  o.s.boot.availability.ApplicationAvailabilityBean - Application availability state ReadinessState changed to ACCEPTING_TRAFFIC
2021-06-15 17:47:50.516 [http-nio-80-exec-1] INFO  o.a.c.core.ContainerBase.[Tomcat].[localhost].[/] - Initializing Spring DispatcherServlet 'dispatcherServlet'
2021-06-15 17:47:50.516 [http-nio-80-exec-1] INFO  org.springframework.web.servlet.DispatcherServlet - Initializing Servlet 'dispatcherServlet'
2021-06-15 17:47:50.517 [http-nio-80-exec-1] INFO  org.springframework.web.servlet.DispatcherServlet - Completed initialization in 1 ms
2021-06-15 17:47:50.551 [http-nio-80-exec-1] INFO  com.zml.dingauto.controller.AutoController - kill ip: 140.206.176.238
2021-06-15 17:50:14.554 [http-nio-80-exec-2] INFO  com.zml.dingauto.controller.AutoController - start ip: 140.206.176.238
2021-06-15 17:50:14.558 [task-1] INFO  com.zml.dingauto.service.AutoService - 任务初始化・・・
2021-06-15 17:50:14.558 [task-1] INFO  com.zml.dingauto.service.AutoService - 2021-06-15T17:50:14.558: 任务开始!
2021-06-15 17:50:14.558 [task-1] INFO  com.zml.dingauto.service.AutoService - 正在唤醒屏幕・・・
2021-06-15 17:50:19.552 [task-1] INFO  com.zml.dingauto.service.AutoService - 2021-06-15T17:50:19.552: done!
2021-06-15 17:50:23.388 [task-1] INFO  com.zml.dingauto.service.AutoService - 2021-06-15T17:50:23.388: done!
2021-06-15 17:50:25.263 [task-1] INFO  com.zml.dingauto.service.AutoService - 正在回到主界面:
2021-06-15 17:50:28.285 [task-1] INFO  com.zml.dingauto.service.AutoService - 2021-06-15T17:50:28.285: done!
2021-06-15 17:50:29.842 [task-1] INFO  com.zml.dingauto.service.AutoService - 正在打开钉钉:
2021-06-15 17:50:46.004 [task-1] INFO  com.zml.dingauto.service.AutoService - 2021-06-15T17:50:46.004: done!
2021-06-15 17:50:56.542 [task-1] INFO  com.zml.dingauto.service.AutoService - 2021-06-15T17:50:56.542: done!
2021-06-15 17:51:04.209 [task-1] INFO  com.zml.dingauto.service.AutoService - 2021-06-15T17:51:04.209: done!
2021-06-15 17:51:04.209 [task-1] INFO  com.zml.dingauto.service.AutoService - 正在校验打卡结果
2021-06-15 17:51:17.189 [task-1] INFO  com.zml.dingauto.service.AutoService - 2021-06-15T17:51:17.189: done!
2021-06-15 17:51:18.156 [task-1] INFO  com.baidu.aip.client.BaseClient - get access_token success. current state: STATE_AIP_AUTH_OK
2021-06-15 17:51:18.467 [task-1] INFO  com.zml.dingauto.service.AutoService - basicGeneral resp = {"words_result":[{"words":"上班O9:30"},{"words":"下班18:30"},{"words":"09:30已打卡"},{"words":"未打卡"}],"log_id":1404738276123738112,"words_result_num":4}
2021-06-15 17:51:18.887 [task-1] INFO  com.zml.dingauto.service.AutoService - 正在准备进入多任务界面:
2021-06-15 17:51:37.053 [task-1] INFO  com.zml.dingauto.service.AutoService - 2021-06-15T17:51:37.053: done!
2021-06-15 17:51:38.579 [task-1] INFO  com.zml.dingauto.service.AutoService - 正在杀死进程:
2021-06-15 17:51:42.620 [task-1] INFO  com.zml.dingauto.service.AutoService - 2021-06-15T17:51:42.620: done!
2021-06-15 17:51:44.544 [task-1] INFO  com.zml.dingauto.service.AutoService - 正在准备锁屏:
2021-06-15 17:51:55.635 [task-1] INFO  com.zml.dingauto.service.AutoService - 2021-06-15T17:51:55.635: done!
2021-06-15 17:53:11.677 [main] WARN  o.s.b.t.j.DuplicateJsonObjectContextCustomizerFactory$DuplicateJsonObjectContextCustomizer - 

Found multiple occurrences of org.json.JSONObject on the class path:

	jar:file:/D:/.m2/repository/com/vaadin/external/google/android-json/0.0.20131108.vaadin1/android-json-0.0.20131108.vaadin1.jar!/org/json/JSONObject.class
	jar:file:/D:/.m2/repository/org/json/json/20160810/json-20160810.jar!/org/json/JSONObject.class

You may wish to exclude one of them to ensure predictable runtime behavior

2021-06-15 17:53:11.711 [main] INFO  com.zml.dingauto.DingAutoApplicationTests - Starting DingAutoApplicationTests using Java 1.8.0_281 on DESKTOP-OADORHA with PID 33896 (started by a in D:\work\ding-auto)
2021-06-15 17:53:11.712 [main] INFO  com.zml.dingauto.DingAutoApplicationTests - No active profile set, falling back to default profiles: default
2021-06-15 17:53:12.861 [main] INFO  com.zml.dingauto.DingAutoApplicationTests - Started DingAutoApplicationTests in 1.356 seconds (JVM running for 2.131)
2021-06-15 17:53:12.862 [main] INFO  o.s.boot.availability.ApplicationAvailabilityBean - Application availability state LivenessState changed to CORRECT
2021-06-15 17:53:12.863 [main] INFO  o.s.boot.availability.ApplicationAvailabilityBean - Application availability state ReadinessState changed to ACCEPTING_TRAFFIC
2021-06-15 17:53:29.494 [main] WARN  o.s.b.t.j.DuplicateJsonObjectContextCustomizerFactory$DuplicateJsonObjectContextCustomizer - 

Found multiple occurrences of org.json.JSONObject on the class path:

	jar:file:/D:/.m2/repository/com/vaadin/external/google/android-json/0.0.20131108.vaadin1/android-json-0.0.20131108.vaadin1.jar!/org/json/JSONObject.class
	jar:file:/D:/.m2/repository/org/json/json/20160810/json-20160810.jar!/org/json/JSONObject.class

You may wish to exclude one of them to ensure predictable runtime behavior

2021-06-15 17:53:29.527 [main] INFO  com.zml.dingauto.DingAutoApplicationTests - Starting DingAutoApplicationTests using Java 1.8.0_281 on DESKTOP-OADORHA with PID 25080 (started by a in D:\work\ding-auto)
2021-06-15 17:53:29.529 [main] INFO  com.zml.dingauto.DingAutoApplicationTests - No active profile set, falling back to default profiles: default
2021-06-15 17:53:30.672 [main] INFO  com.zml.dingauto.DingAutoApplicationTests - Started DingAutoApplicationTests in 1.355 seconds (JVM running for 2.124)
2021-06-15 17:53:30.673 [main] INFO  o.s.boot.availability.ApplicationAvailabilityBean - Application availability state LivenessState changed to CORRECT
2021-06-15 17:53:30.674 [main] INFO  o.s.boot.availability.ApplicationAvailabilityBean - Application availability state ReadinessState changed to ACCEPTING_TRAFFIC
2021-06-15 17:53:57.789 [main] INFO  com.zml.dingauto.DingAutoApplication - Starting DingAutoApplication v0.0.1-SNAPSHOT using Java 1.8.0_281 on DESKTOP-OADORHA with PID 34884 (D:\work\ding-auto\target\ding-auto-0.0.1-SNAPSHOT.jar started by DESKTOP-OADORHA$ in D:\work\ding-auto-start)
2021-06-15 17:53:57.792 [main] INFO  com.zml.dingauto.DingAutoApplication - No active profile set, falling back to default profiles: default
2021-06-15 17:53:59.125 [main] INFO  o.s.boot.web.embedded.tomcat.TomcatWebServer - Tomcat initialized with port(s): 80 (http)
2021-06-15 17:53:59.136 [main] INFO  org.apache.coyote.http11.Http11NioProtocol - Initializing ProtocolHandler ["http-nio-80"]
2021-06-15 17:53:59.137 [main] INFO  org.apache.catalina.core.StandardService - Starting service [Tomcat]
2021-06-15 17:53:59.137 [main] INFO  org.apache.catalina.core.StandardEngine - Starting Servlet engine: [Apache Tomcat/9.0.46]
2021-06-15 17:53:59.199 [main] INFO  o.a.c.core.ContainerBase.[Tomcat].[localhost].[/] - Initializing Spring embedded WebApplicationContext
2021-06-15 17:53:59.199 [main] INFO  o.s.b.w.s.c.ServletWebServerApplicationContext - Root WebApplicationContext: initialization completed in 1344 ms
2021-06-15 17:53:59.626 [main] INFO  org.apache.coyote.http11.Http11NioProtocol - Starting ProtocolHandler ["http-nio-80"]
2021-06-15 17:53:59.657 [main] INFO  o.s.boot.web.embedded.tomcat.TomcatWebServer - Tomcat started on port(s): 80 (http) with context path ''
2021-06-15 17:53:59.671 [main] INFO  com.zml.dingauto.DingAutoApplication - Started DingAutoApplication in 2.26 seconds (JVM running for 2.764)
2021-06-15 17:53:59.672 [main] INFO  o.s.boot.availability.ApplicationAvailabilityBean - Application availability state LivenessState changed to CORRECT
2021-06-15 17:53:59.673 [main] INFO  o.s.boot.availability.ApplicationAvailabilityBean - Application availability state ReadinessState changed to ACCEPTING_TRAFFIC
2021-06-15 17:54:16.782 [http-nio-80-exec-1] INFO  o.a.c.core.ContainerBase.[Tomcat].[localhost].[/] - Initializing Spring DispatcherServlet 'dispatcherServlet'
2021-06-15 17:54:16.782 [http-nio-80-exec-1] INFO  org.springframework.web.servlet.DispatcherServlet - Initializing Servlet 'dispatcherServlet'
2021-06-15 17:54:16.783 [http-nio-80-exec-1] INFO  org.springframework.web.servlet.DispatcherServlet - Completed initialization in 1 ms
2021-06-15 17:54:16.823 [http-nio-80-exec-1] INFO  com.zml.dingauto.controller.AutoController - start ip: 140.206.176.238
2021-06-15 17:54:16.903 [task-1] INFO  com.zml.dingauto.service.AutoService - 任务初始化・・・
2021-06-15 17:54:16.903 [task-1] INFO  com.zml.dingauto.service.AutoService - 2021-06-15T17:54:16.903: 任务开始!
2021-06-15 17:54:16.903 [task-1] INFO  com.zml.dingauto.service.AutoService - 正在唤醒屏幕・・・
2021-06-15 17:54:21.689 [task-1] INFO  com.zml.dingauto.service.AutoService - 2021-06-15T17:54:21.689: done!
2021-06-15 17:54:25.569 [task-1] INFO  com.zml.dingauto.service.AutoService - 2021-06-15T17:54:25.569: done!
2021-06-15 17:54:27.455 [task-1] INFO  com.zml.dingauto.service.AutoService - 正在回到主界面:
2021-06-15 17:54:30.488 [task-1] INFO  com.zml.dingauto.service.AutoService - 2021-06-15T17:54:30.488: done!
2021-06-15 17:54:32.027 [task-1] INFO  com.zml.dingauto.service.AutoService - 正在打开钉钉:
2021-06-15 17:54:48.195 [task-1] INFO  com.zml.dingauto.service.AutoService - 2021-06-15T17:54:48.195: done!
2021-06-15 17:54:58.397 [task-1] INFO  com.zml.dingauto.service.AutoService - 2021-06-15T17:54:58.397: done!
2021-06-15 17:55:05.922 [task-1] INFO  com.zml.dingauto.service.AutoService - 2021-06-15T17:55:05.922: done!
2021-06-15 17:55:05.922 [task-1] INFO  com.zml.dingauto.service.AutoService - 正在校验打卡结果
2021-06-15 17:55:18.726 [task-1] INFO  com.zml.dingauto.service.AutoService - 2021-06-15T17:55:18.726: done!
2021-06-15 17:55:19.563 [task-1] INFO  com.baidu.aip.client.BaseClient - get access_token success. current state: STATE_AIP_AUTH_OK
2021-06-15 17:55:19.807 [task-1] INFO  com.zml.dingauto.service.AutoService - basicGeneral resp = {"words_result":[],"log_id":1404739288607752192,"words_result_num":0}
2021-06-15 17:55:20.206 [task-1] INFO  com.zml.dingauto.service.AutoService - 正在准备进入多任务界面:
2021-06-15 17:55:35.356 [task-1] INFO  com.zml.dingauto.service.AutoService - 2021-06-15T17:55:35.356: done!
2021-06-15 17:55:36.886 [task-1] INFO  com.zml.dingauto.service.AutoService - 正在杀死进程:
2021-06-15 17:55:40.923 [task-1] INFO  com.zml.dingauto.service.AutoService - 2021-06-15T17:55:40.923: done!
2021-06-15 17:55:42.766 [task-1] INFO  com.zml.dingauto.service.AutoService - 正在准备锁屏:
2021-06-15 17:55:53.863 [task-1] INFO  com.zml.dingauto.service.AutoService - 2021-06-15T17:55:53.863: done!
2021-06-15 17:56:48.352 [http-nio-80-exec-2] INFO  com.zml.dingauto.controller.AutoController - start ip: 140.206.176.238
2021-06-15 17:56:48.352 [task-2] INFO  com.zml.dingauto.service.AutoService - 任务初始化・・・
2021-06-15 17:56:48.352 [task-2] INFO  com.zml.dingauto.service.AutoService - 2021-06-15T17:56:48.352: 任务开始!
2021-06-15 17:56:48.352 [task-2] INFO  com.zml.dingauto.service.AutoService - 正在唤醒屏幕・・・
2021-06-15 17:56:53.453 [task-2] INFO  com.zml.dingauto.service.AutoService - 2021-06-15T17:56:53.453: done!
2021-06-15 17:56:57.583 [task-2] INFO  com.zml.dingauto.service.AutoService - 2021-06-15T17:56:57.583: done!
2021-06-15 17:56:59.769 [task-2] INFO  com.zml.dingauto.service.AutoService - 正在回到主界面:
2021-06-15 17:57:02.802 [task-2] INFO  com.zml.dingauto.service.AutoService - 2021-06-15T17:57:02.802: done!
2021-06-15 17:57:04.329 [task-2] INFO  com.zml.dingauto.service.AutoService - 正在打开钉钉:
2021-06-15 17:57:20.458 [task-2] INFO  com.zml.dingauto.service.AutoService - 2021-06-15T17:57:20.458: done!
2021-06-15 17:57:30.671 [task-2] INFO  com.zml.dingauto.service.AutoService - 2021-06-15T17:57:30.671: done!
2021-06-15 17:57:38.234 [task-2] INFO  com.zml.dingauto.service.AutoService - 2021-06-15T17:57:38.234: done!
2021-06-15 17:57:38.234 [task-2] INFO  com.zml.dingauto.service.AutoService - 正在校验打卡结果
2021-06-15 17:57:51.183 [task-2] INFO  com.zml.dingauto.service.AutoService - 2021-06-15T17:57:51.183: done!
2021-06-15 17:57:51.551 [task-2] INFO  com.baidu.aip.client.BaseClient - get access_token success. current state: STATE_AIP_AUTH_OK
2021-06-15 17:57:51.802 [task-2] INFO  com.zml.dingauto.service.AutoService - basicGeneral resp = {"words_result":[{"words":"上班O9:30"},{"words":"下班18:30"},{"words":"09:30已打卡"},{"words":"未打卡"}],"log_id":1404739926070657024,"words_result_num":4}
2021-06-15 17:57:52.089 [task-2] INFO  com.zml.dingauto.service.AutoService - 正在准备进入多任务界面:
2021-06-15 17:58:12.306 [task-2] INFO  com.zml.dingauto.service.AutoService - 2021-06-15T17:58:12.306: done!
2021-06-15 17:58:13.843 [task-2] INFO  com.zml.dingauto.service.AutoService - 正在杀死进程:
2021-06-15 17:58:17.887 [task-2] INFO  com.zml.dingauto.service.AutoService - 2021-06-15T17:58:17.887: done!
2021-06-15 17:58:19.786 [task-2] INFO  com.zml.dingauto.service.AutoService - 正在准备锁屏:
2021-06-15 17:58:30.889 [task-2] INFO  com.zml.dingauto.service.AutoService - 2021-06-15T17:58:30.889: done!
2021-06-15 18:30:00.015 [scheduling-1] INFO  com.zml.dingauto.service.AutoTimer - offWorkTimer start!
2021-06-15 18:30:00.015 [scheduling-1] INFO  com.zml.dingauto.service.AutoTimer - offWorkTimer sleepTime = 1113
2021-06-15 18:48:33.028 [scheduling-1] INFO  com.zml.dingauto.service.AutoTimer - offWorkTimer end!
2021-06-15 18:48:33.028 [task-3] INFO  com.zml.dingauto.service.AutoService - 任务初始化・・・
2021-06-15 18:48:33.030 [task-3] INFO  com.zml.dingauto.service.AutoService - 2021-06-15T18:48:33.029: 任务开始!
2021-06-15 18:48:33.030 [task-3] INFO  com.zml.dingauto.service.AutoService - 正在唤醒屏幕・・・
2021-06-15 18:48:39.503 [task-3] INFO  com.zml.dingauto.service.AutoService - 2021-06-15T18:48:39.503: done!
2021-06-15 18:48:43.044 [task-3] INFO  com.zml.dingauto.service.AutoService - 2021-06-15T18:48:43.044: done!
2021-06-15 18:48:44.652 [task-3] INFO  com.zml.dingauto.service.AutoService - 正在回到主界面:
2021-06-15 18:48:47.669 [task-3] INFO  com.zml.dingauto.service.AutoService - 2021-06-15T18:48:47.669: done!
2021-06-15 18:48:49.219 [task-3] INFO  com.zml.dingauto.service.AutoService - 正在打开钉钉:
2021-06-15 18:49:05.425 [task-3] INFO  com.zml.dingauto.service.AutoService - 2021-06-15T18:49:05.425: done!
2021-06-15 18:49:15.915 [task-3] INFO  com.zml.dingauto.service.AutoService - 2021-06-15T18:49:15.915: done!
2021-06-15 18:49:23.508 [task-3] INFO  com.zml.dingauto.service.AutoService - 2021-06-15T18:49:23.508: done!
2021-06-15 18:49:23.508 [task-3] INFO  com.zml.dingauto.service.AutoService - 正在校验打卡结果
2021-06-15 18:49:36.540 [task-3] INFO  com.zml.dingauto.service.AutoService - 2021-06-15T18:49:36.540: done!
2021-06-15 18:49:36.999 [task-3] INFO  com.baidu.aip.client.BaseClient - get access_token success. current state: STATE_AIP_AUTH_OK
2021-06-15 18:49:37.359 [task-3] INFO  com.zml.dingauto.service.AutoService - basicGeneral resp = {"words_result":[{"words":"上班O9:30"},{"words":"下班18:30"},{"words":"09:30已打卡"},{"words":"②18:49已打卡更新打卡"}],"log_id":1404752951683055616,"words_result_num":4}
2021-06-15 18:49:37.679 [task-3] INFO  com.zml.dingauto.service.AutoService - 正在准备进入多任务界面:
2021-06-15 18:49:58.909 [task-3] INFO  com.zml.dingauto.service.AutoService - 2021-06-15T18:49:58.909: done!
2021-06-15 18:50:00.438 [task-3] INFO  com.zml.dingauto.service.AutoService - 正在杀死进程:
2021-06-15 18:50:04.477 [task-3] INFO  com.zml.dingauto.service.AutoService - 2021-06-15T18:50:04.477: done!
2021-06-15 18:50:06.416 [task-3] INFO  com.zml.dingauto.service.AutoService - 正在准备锁屏:
2021-06-15 18:50:17.515 [task-3] INFO  com.zml.dingauto.service.AutoService - 2021-06-15T18:50:17.515: done!
2021-06-15 20:12:38.767 [http-nio-80-exec-3] INFO  com.zml.dingauto.controller.AutoController - start ip: 140.206.176.238
2021-06-15 20:12:38.773 [task-4] INFO  com.zml.dingauto.service.AutoService - 任务初始化・・・
2021-06-15 20:12:38.774 [task-4] INFO  com.zml.dingauto.service.AutoService - 2021-06-15T20:12:38.773: 任务开始!
2021-06-15 20:12:38.774 [task-4] INFO  com.zml.dingauto.service.AutoService - 正在唤醒屏幕・・・
2021-06-15 20:12:44.671 [task-4] INFO  com.zml.dingauto.service.AutoService - 2021-06-15T20:12:44.671: done!
2021-06-15 20:12:48.406 [task-4] INFO  com.zml.dingauto.service.AutoService - 2021-06-15T20:12:48.406: done!
2021-06-15 20:12:50.567 [task-4] INFO  com.zml.dingauto.service.AutoService - 正在回到主界面:
2021-06-15 20:12:53.604 [task-4] INFO  com.zml.dingauto.service.AutoService - 2021-06-15T20:12:53.604: done!
2021-06-15 20:12:55.082 [task-4] INFO  com.zml.dingauto.service.AutoService - 正在打开钉钉:
2021-06-15 20:13:11.203 [task-4] INFO  com.zml.dingauto.service.AutoService - 2021-06-15T20:13:11.203: done!
2021-06-15 20:13:21.704 [task-4] INFO  com.zml.dingauto.service.AutoService - 2021-06-15T20:13:21.704: done!
2021-06-15 20:13:29.245 [task-4] INFO  com.zml.dingauto.service.AutoService - 2021-06-15T20:13:29.245: done!
2021-06-15 20:13:29.245 [task-4] INFO  com.zml.dingauto.service.AutoService - 正在校验打卡结果
2021-06-15 20:13:42.230 [task-4] INFO  com.zml.dingauto.service.AutoService - 2021-06-15T20:13:42.230: done!
2021-06-15 20:13:42.694 [task-4] INFO  com.baidu.aip.client.BaseClient - get access_token success. current state: STATE_AIP_AUTH_OK
2021-06-15 20:13:42.966 [task-4] INFO  com.zml.dingauto.service.AutoService - basicGeneral resp = {"words_result":[{"words":"上班O9:30"},{"words":"下班18:30"},{"words":"09:30已打卡"},{"words":"20:13已打卡更新打卡"}],"log_id":1404774114387820544,"words_result_num":4}
2021-06-15 20:13:43.262 [task-4] INFO  com.zml.dingauto.service.AutoService - 正在准备进入多任务界面:
2021-06-15 20:13:58.430 [task-4] INFO  com.zml.dingauto.service.AutoService - 2021-06-15T20:13:58.430: done!
2021-06-15 20:13:59.868 [task-4] INFO  com.zml.dingauto.service.AutoService - 正在杀死进程:
2021-06-15 20:14:03.894 [task-4] INFO  com.zml.dingauto.service.AutoService - 2021-06-15T20:14:03.894: done!
2021-06-15 20:14:05.842 [task-4] INFO  com.zml.dingauto.service.AutoService - 正在准备锁屏:
2021-06-15 20:14:16.948 [task-4] INFO  com.zml.dingauto.service.AutoService - 2021-06-15T20:14:16.948: done!
2021-06-16 09:20:00.014 [scheduling-1] INFO  com.zml.dingauto.service.AutoTimer - startTimer start!
2021-06-16 09:20:00.014 [scheduling-1] INFO  com.zml.dingauto.service.AutoTimer - startTimer sleepTime = 196
2021-06-16 09:23:16.014 [scheduling-1] INFO  com.zml.dingauto.service.AutoTimer - startTimer end!
2021-06-16 09:23:16.014 [task-5] INFO  com.zml.dingauto.service.AutoService - 任务初始化・・・
2021-06-16 09:23:16.014 [task-5] INFO  com.zml.dingauto.service.AutoService - 2021-06-16T09:23:16.014: 任务开始!
2021-06-16 09:23:16.014 [task-5] INFO  com.zml.dingauto.service.AutoService - 正在唤醒屏幕・・・
2021-06-16 09:23:21.544 [task-5] INFO  com.zml.dingauto.service.AutoService - 2021-06-16T09:23:21.544: done!
2021-06-16 09:23:25.122 [task-5] INFO  com.zml.dingauto.service.AutoService - 2021-06-16T09:23:25.122: done!
2021-06-16 09:23:26.644 [task-5] INFO  com.zml.dingauto.service.AutoService - 正在回到主界面:
2021-06-16 09:23:29.655 [task-5] INFO  com.zml.dingauto.service.AutoService - 2021-06-16T09:23:29.655: done!
2021-06-16 09:23:31.180 [task-5] INFO  com.zml.dingauto.service.AutoService - 正在打开钉钉:
2021-06-16 09:23:47.321 [task-5] INFO  com.zml.dingauto.service.AutoService - 2021-06-16T09:23:47.321: done!
2021-06-16 09:23:58.277 [task-5] INFO  com.zml.dingauto.service.AutoService - 2021-06-16T09:23:58.277: done!
2021-06-16 09:24:05.868 [task-5] INFO  com.zml.dingauto.service.AutoService - 2021-06-16T09:24:05.868: done!
2021-06-16 09:24:05.868 [task-5] INFO  com.zml.dingauto.service.AutoService - 正在校验打卡结果
2021-06-16 09:24:18.855 [task-5] INFO  com.zml.dingauto.service.AutoService - 2021-06-16T09:24:18.855: done!
2021-06-16 09:24:19.690 [task-5] INFO  com.baidu.aip.client.BaseClient - get access_token success. current state: STATE_AIP_AUTH_OK
2021-06-16 09:24:20.335 [task-5] INFO  com.zml.dingauto.service.AutoService - basicGeneral resp = {"words_result":[{"words":"上班O9:30"},{"words":"下班18:30"},{"words":"09:23已打卡"},{"words":"未打卡"}],"log_id":1404973080136122368,"words_result_num":4}
2021-06-16 09:24:20.694 [task-5] INFO  com.zml.dingauto.service.AutoService - 正在准备进入多任务界面:
2021-06-16 09:24:34.820 [task-5] INFO  com.zml.dingauto.service.AutoService - 2021-06-16T09:24:34.820: done!
2021-06-16 09:24:36.356 [task-5] INFO  com.zml.dingauto.service.AutoService - 正在杀死进程:
2021-06-16 09:24:40.400 [task-5] INFO  com.zml.dingauto.service.AutoService - 2021-06-16T09:24:40.400: done!
2021-06-16 09:24:42.331 [task-5] INFO  com.zml.dingauto.service.AutoService - 正在准备锁屏:
2021-06-16 09:24:53.449 [task-5] INFO  com.zml.dingauto.service.AutoService - 2021-06-16T09:24:53.449: done!
